d:\study\whres7.5\src\wherescrypto.dir\debug\vc142.pdb
d:\study\whres7.5\src\wherescrypto.dir\debug\qrc_resource.obj
d:\study\whres7.5\src\wherescrypto.dir\debug\threadpool.obj
d:\study\whres7.5\src\wherescrypto.dir\debug\slidingstackedwidget.obj
d:\study\whres7.5\src\wherescrypto.dir\debug\signatureparser.obj
d:\study\whres7.5\src\wherescrypto.dir\debug\signatureevaluator.obj
d:\study\whres7.5\src\wherescrypto.dir\debug\predicate.obj
d:\study\whres7.5\src\wherescrypto.dir\debug\pathoracle.obj
d:\study\whres7.5\src\wherescrypto.dir\debug\functionlist.obj
d:\study\whres7.5\src\wherescrypto.dir\debug\dfgraph.obj
d:\study\whres7.5\src\wherescrypto.dir\debug\dfgnode.obj
d:\study\whres7.5\src\wherescrypto.dir\debug\dfgdisplay.obj
d:\study\whres7.5\src\wherescrypto.dir\debug\controldialog.obj
d:\study\whres7.5\src\wherescrypto.dir\debug\condition.obj
d:\study\whres7.5\src\wherescrypto.dir\debug\blockpermutationevaluator.obj
d:\study\whres7.5\src\wherescrypto.dir\debug\backlog.obj
d:\study\whres7.5\src\wherescrypto.dir\debug\plugin.obj
d:\study\whres7.5\src\wherescrypto.dir\debug\mocs_compilation.obj
d:\study\whres7.5\src\wherescrypto.dir\debug\arm.obj
d:\study\whres7.5\src\wherescrypto_autogen\ewiega46ww\qrc_resource.cpp
d:\study\whres7.5\src\cmakefiles\generate.stamp
d:\study\whres7.5\src\wherescrypto.dir\debug\wherescrypto.tlog\cl.command.1.tlog
d:\study\whres7.5\src\wherescrypto.dir\debug\wherescrypto.tlog\cl.read.1.tlog
d:\study\whres7.5\src\wherescrypto.dir\debug\wherescrypto.tlog\cl.write.1.tlog
d:\study\whres7.5\src\wherescrypto.dir\debug\wherescrypto.tlog\custombuild.command.1.tlog
d:\study\whres7.5\src\wherescrypto.dir\debug\wherescrypto.tlog\custombuild.read.1.tlog
d:\study\whres7.5\src\wherescrypto.dir\debug\wherescrypto.tlog\custombuild.write.1.tlog
