d:\study\whres7.5\src\wherescrypto.dir\release\qrc_resource.obj
d:\study\whres7.5\src\wherescrypto.dir\release\threadpool.obj
d:\study\whres7.5\src\wherescrypto.dir\release\slidingstackedwidget.obj
d:\study\whres7.5\src\wherescrypto.dir\release\signatureparser.obj
d:\study\whres7.5\src\wherescrypto.dir\release\signatureevaluator.obj
d:\study\whres7.5\src\wherescrypto.dir\release\predicate.obj
d:\study\whres7.5\src\wherescrypto.dir\release\pathoracle.obj
d:\study\whres7.5\src\wherescrypto.dir\release\functionlist.obj
d:\study\whres7.5\src\wherescrypto.dir\release\dfgraph.obj
d:\study\whres7.5\src\wherescrypto.dir\release\dfgnode.obj
d:\study\whres7.5\src\wherescrypto.dir\release\dfgdisplay.obj
d:\study\whres7.5\src\wherescrypto.dir\release\controldialog.obj
d:\study\whres7.5\src\wherescrypto.dir\release\condition.obj
d:\study\whres7.5\src\wherescrypto.dir\release\broker.obj
d:\study\whres7.5\src\wherescrypto.dir\release\blockpermutationevaluator.obj
d:\study\whres7.5\src\wherescrypto.dir\release\backlog.obj
d:\study\whres7.5\src\wherescrypto.dir\release\hexrays_microcode.obj
d:\study\whres7.5\src\wherescrypto.dir\release\plugin.obj
d:\study\whres7.5\src\wherescrypto.dir\release\mocs_compilation.obj
d:\study\whres7.5\src\wherescrypto_autogen\ewiega46ww\qrc_resource.cpp
d:\study\whres7.5\src\cmakefiles\generate.stamp
d:\study\whres7.5\src\release\wherescrypto.dll
d:\study\whres7.5\src\release\wherescrypto.lib
d:\study\whres7.5\src\release\wherescrypto.exp
d:\study\theis-bache\ida7.5sp3\plugins\wherescrypto.dll
d:\study\whres7.5\src\wherescrypto.dir\release\wherescrypto.tlog\cl.command.1.tlog
d:\study\whres7.5\src\wherescrypto.dir\release\wherescrypto.tlog\cl.read.1.tlog
d:\study\whres7.5\src\wherescrypto.dir\release\wherescrypto.tlog\cl.write.1.tlog
d:\study\whres7.5\src\wherescrypto.dir\release\wherescrypto.tlog\custombuild.command.1.tlog
d:\study\whres7.5\src\wherescrypto.dir\release\wherescrypto.tlog\custombuild.read.1.tlog
d:\study\whres7.5\src\wherescrypto.dir\release\wherescrypto.tlog\custombuild.write.1.tlog
d:\study\whres7.5\src\wherescrypto.dir\release\wherescrypto.tlog\link.command.1.tlog
d:\study\whres7.5\src\wherescrypto.dir\release\wherescrypto.tlog\link.read.1.tlog
d:\study\whres7.5\src\wherescrypto.dir\release\wherescrypto.tlog\link.write.1.tlog
d:\study\whres7.5\src\wherescrypto.dir\release\wherescrypto.tlog\wherescrypto.write.1u.tlog
